TN:
SF:src/add.js
FN:16,(anonymous_0)
FNF:1
FNH:1
FNDA:5,(anonymous_0)
DA:16,5
LF:1
LH:1
BRF:0
BRH:0
end_of_record
TN:
SF:src/at.js
FN:19,(anonymous_0)
FNF:1
FNH:1
FNDA:3,(anonymous_0)
DA:19,3
LF:1
LH:1
BRF:0
BRH:0
end_of_record
TN:
SF:src/get.js
FN:27,get
FNF:1
FNH:1
FNDA:5,get
DA:28,5
DA:29,5
LF:2
LH:2
BRDA:28,0,0,0
BRDA:28,0,1,5
BRDA:29,1,0,3
BRDA:29,1,1,2
BRF:4
BRH:3
end_of_record
TN:
SF:src/isArguments.js
FN:19,isArguments
FNF:1
FNH:0
FNDA:0,isArguments
DA:20,0
LF:1
LH:0
BRDA:20,0,0,0
BRDA:20,0,1,0
BRF:2
BRH:0
end_of_record
TN:
SF:src/isObjectLike.js
FN:23,isObjectLike
FNF:1
FNH:0
FNDA:0,isObjectLike
DA:24,0
LF:1
LH:0
BRDA:24,0,0,0
BRDA:24,0,1,0
BRF:2
BRH:0
end_of_record
TN:
SF:src/isSymbol.js
FN:18,isSymbol
FNF:1
FNH:1
FNDA:5,isSymbol
DA:19,5
DA:20,5
LF:2
LH:2
BRDA:20,0,0,5
BRDA:20,0,1,5
BRDA:20,0,2,0
BRDA:20,0,3,0
BRF:4
BRH:2
end_of_record
TN:
SF:src/memoize.js
FN:43,memoize
FN:47,(anonymous_1)
FNF:2
FNH:2
FNDA:1,memoize
FNDA:4,(anonymous_1)
DA:44,1
DA:45,0
DA:47,1
DA:48,4
DA:49,4
DA:51,4
DA:52,0
DA:54,4
DA:55,4
DA:56,4
DA:58,1
DA:59,1
DA:62,1
LF:13
LH:11
BRDA:44,0,0,0
BRDA:44,0,1,1
BRDA:44,1,0,1
BRDA:44,1,1,1
BRDA:44,1,2,1
BRDA:48,2,0,4
BRDA:48,2,1,0
BRDA:51,3,0,0
BRDA:51,3,1,4
BRDA:55,4,0,4
BRDA:55,4,1,0
BRDA:58,5,0,1
BRDA:58,5,1,0
BRF:13
BRH:8
end_of_record
TN:
SF:src/.internal/baseAt.js
FN:11,baseAt
FNF:1
FNH:1
FNDA:3,baseAt
DA:12,3
DA:13,3
DA:14,3
DA:15,3
DA:17,3
DA:18,5
DA:20,3
LF:7
LH:7
BRDA:18,0,0,0
BRDA:18,0,1,5
BRF:2
BRH:1
end_of_record
TN:
SF:src/.internal/baseFlatten.js
FN:14,baseFlatten
FNF:1
FNH:1
FNDA:3,baseFlatten
DA:15,3
DA:16,3
DA:18,3
DA:19,0
DA:22,3
DA:23,3
DA:24,3
DA:26,0
DA:28,3
DA:30,0
DA:31,0
DA:34,3
LF:12
LH:8
BRDA:15,0,0,3
BRDA:15,0,1,3
BRDA:16,1,0,3
BRDA:16,1,1,3
BRDA:18,2,0,0
BRDA:18,2,1,3
BRDA:23,3,0,3
BRDA:23,3,1,0
BRDA:23,4,0,3
BRDA:23,4,1,3
BRDA:24,5,0,0
BRDA:24,5,1,3
BRDA:30,6,0,0
BRDA:30,6,1,0
BRF:14
BRH:9
end_of_record
TN:
SF:src/.internal/baseGet.js
FN:12,baseGet
FNF:1
FNH:1
FNDA:5,baseGet
DA:13,5
DA:15,5
DA:16,5
DA:18,5
DA:19,14
DA:21,5
LF:6
LH:6
BRDA:18,0,0,19
BRDA:18,0,1,16
BRDA:21,1,0,5
BRDA:21,1,1,0
BRDA:21,2,0,5
BRDA:21,2,1,5
BRF:6
BRH:5
end_of_record
TN:
SF:src/.internal/baseToNumber.js
FN:14,baseToNumber
FNF:1
FNH:1
FNDA:10,baseToNumber
DA:4,1
DA:15,10
DA:16,10
DA:18,0
DA:19,0
DA:21,0
LF:6
LH:3
BRDA:15,0,0,10
BRDA:15,0,1,0
BRDA:18,1,0,0
BRDA:18,1,1,0
BRF:4
BRH:1
end_of_record
TN:
SF:src/.internal/baseToString.js
FN:17,baseToString
FNF:1
FNH:0
FNDA:0,baseToString
DA:4,1
DA:7,1
DA:19,0
DA:20,0
DA:22,0
DA:24,0
DA:26,0
DA:27,0
DA:29,0
DA:30,0
LF:10
LH:2
BRDA:19,0,0,0
BRDA:19,0,1,0
BRDA:22,1,0,0
BRDA:22,1,1,0
BRDA:26,2,0,0
BRDA:26,2,1,0
BRDA:27,3,0,0
BRDA:27,3,1,0
BRDA:30,4,0,0
BRDA:30,4,1,0
BRDA:30,5,0,0
BRDA:30,5,1,0
BRF:12
BRH:0
end_of_record
TN:
SF:src/.internal/castPath.js
FN:12,castPath
FNF:1
FNH:1
FNDA:5,castPath
DA:13,5
DA:14,0
DA:16,5
LF:3
LH:2
BRDA:13,0,0,0
BRDA:13,0,1,5
BRDA:16,1,0,1
BRDA:16,1,1,4
BRF:4
BRH:3
end_of_record
TN:
SF:src/.internal/createMathOperation.js
FN:12,createMathOperation
FN:13,(anonymous_1)
FNF:2
FNH:2
FNDA:1,createMathOperation
FNDA:5,(anonymous_1)
DA:13,1
DA:14,5
DA:15,0
DA:17,5
DA:18,0
DA:20,5
DA:21,0
DA:23,5
DA:24,0
DA:25,0
DA:28,5
DA:29,5
DA:31,5
LF:13
LH:8
BRDA:14,0,0,0
BRDA:14,0,1,5
BRDA:14,1,0,5
BRDA:14,1,1,0
BRDA:17,2,0,0
BRDA:17,2,1,5
BRDA:17,3,0,5
BRDA:17,3,1,5
BRDA:20,4,0,0
BRDA:20,4,1,5
BRDA:20,5,0,5
BRDA:20,5,1,5
BRDA:23,6,0,0
BRDA:23,6,1,5
BRDA:23,7,0,5
BRDA:23,7,1,5
BRF:16
BRH:11
end_of_record
TN:
SF:src/.internal/getTag.js
FN:10,getTag
FNF:1
FNH:0
FNDA:0,getTag
DA:1,2
DA:11,0
DA:12,0
DA:14,0
LF:4
LH:1
BRDA:11,0,0,0
BRDA:11,0,1,0
BRDA:12,1,0,0
BRDA:12,1,1,0
BRF:4
BRH:0
end_of_record
TN:
SF:src/.internal/isFlattenable.js
FN:13,isFlattenable
FNF:1
FNH:1
FNDA:3,isFlattenable
DA:4,1
DA:14,3
LF:2
LH:2
BRDA:14,0,0,3
BRDA:14,0,1,0
BRDA:14,0,2,0
BRDA:15,1,0,0
BRDA:15,1,1,0
BRF:5
BRH:1
end_of_record
TN:
SF:src/.internal/isKey.js
FN:15,isKey
FNF:1
FNH:1
FNDA:5,isKey
DA:4,1
DA:5,1
DA:16,5
DA:17,0
DA:19,5
DA:20,5
DA:21,1
DA:23,4
LF:8
LH:7
BRDA:16,0,0,0
BRDA:16,0,1,5
BRDA:20,1,0,1
BRDA:20,1,1,4
BRDA:20,2,0,5
BRDA:20,2,1,4
BRDA:20,2,2,4
BRDA:20,2,3,4
BRDA:23,3,0,4
BRDA:23,3,1,4
BRDA:23,3,2,4
BRDA:23,3,3,4
BRF:12
BRH:11
end_of_record
TN:
SF:src/.internal/memoizeCapped.js
FN:14,memoizeCapped
FN:15,(anonymous_1)
FNF:2
FNH:2
FNDA:1,memoizeCapped
FNDA:4,(anonymous_1)
DA:4,1
DA:15,1
DA:16,4
DA:17,4
DA:18,0
DA:20,4
DA:23,1
LF:7
LH:6
BRDA:17,0,0,0
BRDA:17,0,1,4
BRF:2
BRH:1
end_of_record
TN:
SF:src/.internal/stringToPath.js
FN:26,(anonymous_0)
FN:31,(anonymous_1)
FNF:2
FNH:2
FNDA:4,(anonymous_0)
FNDA:13,(anonymous_1)
DA:3,1
DA:4,1
DA:5,1
DA:26,1
DA:27,4
DA:28,4
DA:29,0
DA:31,4
DA:32,13
DA:33,13
DA:34,0
DA:36,13
DA:37,4
DA:39,13
DA:41,4
LF:15
LH:13
BRDA:28,0,0,0
BRDA:28,0,1,4
BRDA:33,1,0,0
BRDA:33,1,1,13
BRDA:36,2,0,4
BRDA:36,2,1,9
BRF:6
BRH:4
end_of_record
TN:
SF:src/.internal/toKey.js
FN:13,toKey
FNF:1
FNH:1
FNDA:14,toKey
DA:4,1
DA:14,14
DA:15,13
DA:17,1
DA:18,1
LF:5
LH:5
BRDA:14,0,0,13
BRDA:14,0,1,1
BRDA:14,1,0,14
BRDA:14,1,1,1
BRDA:18,2,0,0
BRDA:18,2,1,1
BRDA:18,3,0,1
BRDA:18,3,1,0
BRF:8
BRH:6
end_of_record
