TN:
SF:src/add.js
FN:16,(anonymous_0)
FNF:1
FNH:1
FNDA:5,(anonymous_0)
DA:16,5
LF:1
LH:1
BRF:0
BRH:0
end_of_record
TN:
SF:src/at.js
FN:19,(anonymous_0)
FNF:1
FNH:1
FNDA:3,(anonymous_0)
DA:19,3
LF:1
LH:1
BRF:0
BRH:0
end_of_record
TN:
SF:src/camelCase.js
FN:24,(anonymous_0)
FN:25,(anonymous_1)
FNF:2
FNH:2
FNDA:4,(anonymous_0)
FNDA:8,(anonymous_1)
DA:24,1
DA:25,4
DA:26,8
DA:27,8
LF:4
LH:4
BRDA:27,0,0,4
BRDA:27,0,1,4
BRF:2
BRH:2
end_of_record
TN:
SF:src/capitalize.js
FN:17,(anonymous_0)
FNF:1
FNH:1
FNDA:4,(anonymous_0)
DA:17,4
LF:1
LH:1
BRF:0
BRH:0
end_of_record
TN:
SF:src/castArray.js
FN:33,castArray
FNF:1
FNH:1
FNDA:9,castArray
DA:34,9
DA:35,9
LF:2
LH:2
BRDA:35,0,0,1
BRDA:35,0,1,8
BRF:2
BRH:2
end_of_record
TN:
SF:src/ceil.js
FNF:0
FNH:0
DA:22,1
LF:1
LH:1
BRF:0
BRH:0
end_of_record
TN:
SF:src/chunk.js
FN:22,chunk
FNF:1
FNH:1
FNDA:4,chunk
DA:23,4
DA:24,4
DA:25,4
DA:26,1
DA:28,3
DA:29,3
DA:30,3
DA:32,3
DA:33,8
DA:35,3
LF:10
LH:10
BRDA:22,0,0,2
BRDA:24,1,0,1
BRDA:24,1,1,3
BRDA:25,2,0,1
BRDA:25,2,1,3
BRDA:25,3,0,4
BRDA:25,3,1,3
BRF:7
BRH:7
end_of_record
TN:
SF:src/clamp.js
FN:18,clamp
FNF:1
FNH:1
FNDA:5,clamp
DA:19,5
DA:20,5
DA:21,5
DA:22,5
DA:23,5
DA:24,5
DA:25,5
DA:26,5
DA:28,5
LF:9
LH:9
BRDA:22,0,0,4
BRDA:22,0,1,1
BRDA:23,1,0,4
BRDA:23,1,1,1
BRDA:24,2,0,5
BRDA:24,2,1,0
BRDA:25,3,0,1
BRDA:25,3,1,4
BRDA:26,4,0,0
BRDA:26,4,1,5
BRF:10
BRH:8
end_of_record
TN:
SF:src/compact.js
FN:14,compact
FNF:1
FNH:1
FNDA:3,compact
DA:15,3
DA:16,3
DA:18,3
DA:19,23
DA:20,11
DA:23,3
LF:6
LH:6
BRDA:19,0,0,11
BRDA:19,0,1,12
BRF:2
BRH:2
end_of_record
TN:
SF:src/countBy.js
FN:29,countBy
FN:30,(anonymous_1)
FNF:2
FNH:2
FNDA:4,countBy
FNDA:12,(anonymous_1)
DA:5,1
DA:30,4
DA:31,12
DA:32,12
DA:33,4
DA:35,8
DA:37,12
LF:7
LH:7
BRDA:32,0,0,4
BRDA:32,0,1,8
BRF:2
BRH:2
end_of_record
TN:
SF:src/defaultTo.js
FN:19,defaultTo
FNF:1
FNH:1
FNDA:17,defaultTo
DA:20,17
LF:1
LH:1
BRDA:20,0,0,8
BRDA:20,0,1,9
BRF:2
BRH:2
end_of_record
TN:
SF:src/defaultToAny.js
FN:28,defaultToAny
FNF:1
FNH:1
FNDA:5,defaultToAny
DA:29,5
LF:1
LH:1
BRF:0
BRH:0
end_of_record
TN:
SF:src/difference.js
FN:24,difference
FNF:1
FNH:1
FNDA:10,difference
DA:25,10
LF:1
LH:1
BRDA:25,0,0,9
BRDA:25,0,1,1
BRF:2
BRH:2
end_of_record
TN:
SF:src/divide.js
FN:16,(anonymous_0)
FNF:1
FNH:1
FNDA:5,(anonymous_0)
DA:16,5
LF:1
LH:1
BRF:0
BRH:0
end_of_record
TN:
SF:src/drop.js
FN:26,drop
FNF:1
FNH:1
FNDA:6,drop
DA:27,6
DA:28,6
LF:2
LH:2
BRDA:26,0,0,1
BRDA:27,1,0,1
BRDA:27,1,1,5
BRDA:28,2,0,5
BRDA:28,2,1,1
BRDA:29,3,0,1
BRDA:29,3,1,4
BRF:7
BRH:7
end_of_record
TN:
SF:src/endsWith.js
FN:23,endsWith
FNF:1
FNH:1
FNDA:8,endsWith
DA:24,8
DA:25,8
DA:26,8
DA:27,3
DA:29,5
DA:30,2
DA:32,8
DA:33,8
DA:34,8
LF:9
LH:9
BRDA:25,0,0,2
BRDA:25,0,1,6
BRDA:26,1,0,3
BRDA:26,1,1,5
BRDA:26,2,0,8
BRDA:26,2,1,5
BRDA:29,3,0,2
BRDA:29,3,1,3
BRDA:34,4,0,8
BRDA:34,4,1,6
BRF:10
BRH:10
end_of_record
TN:
SF:src/eq.js
FN:31,eq
FNF:1
FNH:1
FNDA:10,eq
DA:32,10
LF:1
LH:1
BRDA:32,0,0,10
BRDA:32,0,1,5
BRDA:32,0,2,1
BRF:3
BRH:3
end_of_record
TN:
SF:src/every.js
FN:22,every
FNF:1
FNH:1
FNDA:8,every
DA:23,8
DA:24,8
DA:26,8
DA:27,21
DA:28,3
DA:31,5
LF:6
LH:6
BRDA:24,0,0,1
BRDA:24,0,1,7
BRDA:27,1,0,3
BRDA:27,1,1,18
BRF:4
BRH:4
end_of_record
TN:
SF:src/filter.js
FN:24,filter
FNF:1
FNH:1
FNDA:3,filter
DA:25,3
DA:26,3
DA:27,3
DA:28,3
DA:30,3
DA:31,4
DA:32,4
DA:33,2
DA:36,3
LF:9
LH:9
BRDA:27,0,0,1
BRDA:27,0,1,2
BRDA:32,1,0,2
BRDA:32,1,1,2
BRF:4
BRH:4
end_of_record
TN:
SF:src/get.js
FN:27,get
FNF:1
FNH:1
FNDA:10,get
DA:28,10
DA:29,10
LF:2
LH:2
BRDA:28,0,0,1
BRDA:28,0,1,9
BRDA:29,1,0,6
BRDA:29,1,1,4
BRF:4
BRH:4
end_of_record
TN:
SF:src/isArguments.js
FN:19,isArguments
FNF:1
FNH:1
FNDA:4,isArguments
DA:20,4
LF:1
LH:1
BRDA:20,0,0,4
BRDA:20,0,1,3
BRF:2
BRH:2
end_of_record
TN:
SF:src/isArrayLike.js
FN:26,isArrayLike
FNF:1
FNH:1
FNDA:46,isArrayLike
DA:27,46
LF:1
LH:1
BRDA:27,0,0,46
BRDA:27,0,1,46
BRDA:27,0,2,45
BRF:3
BRH:3
end_of_record
TN:
SF:src/isArrayLikeObject.js
FN:27,isArrayLikeObject
FNF:1
FNH:1
FNDA:27,isArrayLikeObject
DA:28,27
LF:1
LH:1
BRDA:28,0,0,27
BRDA:28,0,1,21
BRF:2
BRH:2
end_of_record
TN:
SF:src/isBoolean.js
FN:19,isBoolean
FNF:1
FNH:1
FNDA:3,isBoolean
DA:20,3
LF:1
LH:1
BRDA:20,0,0,3
BRDA:20,0,1,3
BRDA:20,0,2,2
BRDA:20,0,3,1
BRF:4
BRH:4
end_of_record
TN:
SF:src/isBuffer.js
FN:33,(anonymous_0)
FNF:1
FNH:0
FNDA:0,(anonymous_0)
DA:4,5
DA:7,5
DA:10,5
DA:13,5
DA:16,5
DA:33,5
LF:6
LH:6
BRDA:4,0,0,5
BRDA:4,0,1,5
BRDA:4,0,2,5
BRDA:4,0,3,5
BRDA:7,1,0,5
BRDA:7,1,1,5
BRDA:7,1,2,5
BRDA:7,1,3,5
BRDA:7,1,4,5
BRDA:10,2,0,5
BRDA:10,2,1,5
BRDA:13,3,0,5
BRDA:13,3,1,0
BRDA:16,4,0,5
BRDA:16,4,1,0
BRDA:33,5,0,5
BRDA:33,5,1,0
BRF:17
BRH:14
end_of_record
TN:
SF:src/isDate.js
FN:24,(anonymous_0)
FN:25,(anonymous_1)
FNF:2
FNH:1
FNDA:2,(anonymous_0)
FNDA:0,(anonymous_1)
DA:6,1
DA:23,1
DA:24,2
DA:25,0
LF:4
LH:3
BRDA:6,0,0,1
BRDA:6,0,1,1
BRDA:23,1,0,1
BRDA:23,1,1,0
BRDA:25,2,0,0
BRDA:25,2,1,0
BRF:6
BRH:3
end_of_record
TN:
SF:src/isEmpty.js
FN:45,isEmpty
FNF:1
FNH:1
FNDA:12,isEmpty
DA:9,1
DA:46,12
DA:47,1
DA:49,11
DA:52,5
DA:54,6
DA:55,6
DA:56,2
DA:58,4
DA:59,1
DA:61,3
DA:62,1
DA:63,1
DA:66,2
LF:14
LH:14
BRDA:46,0,0,1
BRDA:46,0,1,11
BRDA:49,1,0,5
BRDA:49,1,1,6
BRDA:49,2,0,11
BRDA:49,2,1,5
BRDA:49,2,2,4
BRDA:49,2,3,3
BRDA:49,2,4,3
BRDA:49,2,5,2
BRDA:49,2,6,1
BRDA:55,3,0,2
BRDA:55,3,1,4
BRDA:55,4,0,6
BRDA:55,4,1,5
BRDA:58,5,0,1
BRDA:58,5,1,3
BRDA:62,6,0,1
BRDA:62,6,1,0
BRF:19
BRH:18
end_of_record
TN:
SF:src/isLength.js
FN:28,isLength
FNF:1
FNH:1
FNDA:49,isLength
DA:2,8
DA:29,49
LF:2
LH:2
BRDA:29,0,0,49
BRDA:29,0,1,35
BRDA:29,0,2,35
BRDA:29,0,3,33
BRF:4
BRH:4
end_of_record
TN:
SF:src/isObject.js
FN:24,isObject
FNF:1
FNH:1
FNDA:13,isObject
DA:25,13
DA:26,13
LF:2
LH:2
BRDA:26,0,0,13
BRDA:26,0,1,12
BRDA:26,0,2,6
BRF:3
BRH:3
end_of_record
TN:
SF:src/isObjectLike.js
FN:23,isObjectLike
FNF:1
FNH:1
FNDA:37,isObjectLike
DA:24,37
LF:1
LH:1
BRDA:24,0,0,37
BRDA:24,0,1,29
BRF:2
BRH:2
end_of_record
TN:
SF:src/isSymbol.js
FN:17,isSymbol
FNF:1
FNH:1
FNDA:24,isSymbol
DA:18,24
DA:19,24
LF:2
LH:2
BRDA:19,0,0,24
BRDA:19,0,1,21
BRDA:19,0,2,3
BRDA:19,0,3,2
BRF:4
BRH:4
end_of_record
TN:
SF:src/isTypedArray.js
FN:27,(anonymous_0)
FN:28,(anonymous_1)
FNF:2
FNH:1
FNDA:5,(anonymous_0)
FNDA:0,(anonymous_1)
DA:6,5
DA:9,5
DA:26,5
DA:27,5
DA:28,0
LF:5
LH:4
BRDA:9,0,0,5
BRDA:9,0,1,5
BRDA:26,1,0,5
BRDA:26,1,1,0
BRDA:28,2,0,0
BRDA:28,2,1,0
BRF:6
BRH:3
end_of_record
TN:
SF:src/keys.js
FN:31,keys
FNF:1
FNH:1
FNDA:4,keys
DA:32,4
LF:1
LH:1
BRDA:32,0,0,1
BRDA:32,0,1,3
BRF:2
BRH:2
end_of_record
TN:
SF:src/map.js
FN:19,map
FNF:1
FNH:1
FNDA:2,map
DA:20,2
DA:21,2
DA:22,2
DA:24,2
DA:25,2
DA:27,2
LF:6
LH:6
BRDA:21,0,0,1
BRDA:21,0,1,1
BRF:2
BRH:2
end_of_record
TN:
SF:src/memoize.js
FN:43,memoize
FN:47,(anonymous_1)
FNF:2
FNH:2
FNDA:2,memoize
FNDA:7,(anonymous_1)
DA:44,2
DA:45,0
DA:47,2
DA:48,7
DA:49,7
DA:51,7
DA:52,1
DA:54,6
DA:55,6
DA:56,6
DA:58,2
DA:59,2
DA:62,3
LF:13
LH:12
BRDA:44,0,0,0
BRDA:44,0,1,2
BRDA:44,1,0,2
BRDA:44,1,1,2
BRDA:44,1,2,2
BRDA:48,2,0,7
BRDA:48,2,1,0
BRDA:51,3,0,1
BRDA:51,3,1,6
BRDA:55,4,0,6
BRDA:55,4,1,0
BRDA:58,5,0,2
BRDA:58,5,1,0
BRF:13
BRH:9
end_of_record
TN:
SF:src/reduce.js
FN:38,reduce
FNF:1
FNH:1
FNDA:5,reduce
DA:39,5
DA:40,5
DA:41,5
LF:3
LH:3
BRDA:39,0,0,3
BRDA:39,0,1,2
BRF:2
BRH:2
end_of_record
TN:
SF:src/slice.js
FN:21,slice
FNF:1
FNH:1
FNDA:20,slice
DA:22,20
DA:23,20
DA:24,1
DA:26,19
DA:27,19
DA:29,19
DA:30,2
DA:32,19
DA:33,3
DA:35,19
DA:36,19
DA:38,19
DA:39,19
DA:40,19
DA:41,34
DA:43,19
LF:16
LH:16
BRDA:22,0,0,0
BRDA:22,0,1,20
BRDA:23,1,0,1
BRDA:23,1,1,19
BRDA:26,2,0,0
BRDA:26,2,1,19
BRDA:27,3,0,1
BRDA:27,3,1,18
BRDA:29,4,0,2
BRDA:29,4,1,17
BRDA:30,5,0,0
BRDA:30,5,1,2
BRDA:32,6,0,3
BRDA:32,6,1,16
BRDA:35,7,0,3
BRDA:35,7,1,16
BRF:16
BRH:13
end_of_record
TN:
SF:src/toFinite.js
FN:28,toFinite
FNF:1
FNH:1
FNDA:19,toFinite
DA:4,4
DA:5,4
DA:29,19
DA:30,2
DA:32,17
DA:33,17
DA:34,3
DA:35,3
DA:37,14
LF:9
LH:9
BRDA:29,0,0,2
BRDA:29,0,1,17
BRDA:30,1,0,1
BRDA:30,1,1,1
BRDA:33,2,0,3
BRDA:33,2,1,14
BRDA:33,3,0,17
BRDA:33,3,1,15
BRDA:34,4,0,1
BRDA:34,4,1,2
BRDA:37,5,0,13
BRDA:37,5,1,1
BRF:12
BRH:12
end_of_record
TN:
SF:src/toInteger.js
FN:28,toInteger
FNF:1
FNH:1
FNDA:12,toInteger
DA:29,12
DA:30,12
DA:32,12
LF:3
LH:3
BRDA:32,0,0,3
BRDA:32,0,1,9
BRF:2
BRH:2
end_of_record
TN:
SF:src/toNumber.js
FN:44,toNumber
FNF:1
FNH:1
FNDA:25,toNumber
DA:5,5
DA:8,5
DA:11,5
DA:14,5
DA:17,5
DA:20,5
DA:45,25
DA:46,17
DA:48,8
DA:49,1
DA:51,7
DA:52,2
DA:53,2
DA:55,7
DA:56,1
DA:58,6
DA:59,6
DA:60,6
LF:18
LH:18
BRDA:45,0,0,17
BRDA:45,0,1,8
BRDA:48,1,0,1
BRDA:48,1,1,7
BRDA:51,2,0,2
BRDA:51,2,1,5
BRDA:52,3,0,2
BRDA:52,3,1,0
BRDA:53,4,0,2
BRDA:53,4,1,0
BRDA:55,5,0,1
BRDA:55,5,1,6
BRDA:56,6,0,0
BRDA:56,6,1,1
BRDA:60,7,0,0
BRDA:60,7,1,6
BRDA:60,8,0,6
BRDA:60,8,1,6
BRDA:61,9,0,0
BRDA:61,9,1,0
BRDA:62,10,0,0
BRDA:62,10,1,6
BRF:22
BRH:15
end_of_record
TN:
SF:src/toString.js
FN:25,toString
FN:33,(anonymous_1)
FNF:2
FNH:2
FNDA:19,toString
FNDA:7,(anonymous_1)
DA:4,3
DA:28,19
DA:29,10
DA:31,9
DA:33,7
DA:35,6
DA:36,1
DA:38,5
DA:39,5
LF:9
LH:9
BRDA:28,0,0,10
BRDA:28,0,1,9
BRDA:31,1,0,3
BRDA:31,1,1,6
BRDA:33,2,0,2
BRDA:33,2,1,5
BRDA:35,3,0,1
BRDA:35,3,1,5
BRDA:39,4,0,1
BRDA:39,4,1,4
BRDA:39,5,0,5
BRDA:39,5,1,1
BRF:12
BRH:12
end_of_record
TN:
SF:src/upperFirst.js
FNF:0
FNH:0
DA:19,3
LF:1
LH:1
BRF:0
BRH:0
end_of_record
TN:
SF:src/words.js
FN:10,asciiWords
FN:30,words
FNF:2
FNH:2
FNDA:2,asciiWords
FNDA:6,words
DA:3,2
DA:8,2
DA:11,2
DA:31,6
DA:32,5
DA:33,5
DA:35,1
LF:7
LH:7
BRDA:31,0,0,5
BRDA:31,0,1,1
BRDA:32,1,0,3
BRDA:32,1,1,2
BRDA:33,2,0,5
BRDA:33,2,1,0
BRDA:35,3,0,1
BRDA:35,3,1,0
BRF:8
BRH:6
end_of_record
TN:
SF:src/.internal/Hash.js
FN:13,(anonymous_0)
FN:29,(anonymous_1)
FN:41,(anonymous_2)
FN:54,(anonymous_3)
FN:67,(anonymous_4)
FN:80,(anonymous_5)
FNF:6
FNH:0
FNDA:0,(anonymous_0)
FNDA:0,(anonymous_1)
FNDA:0,(anonymous_2)
FNDA:0,(anonymous_3)
FNDA:0,(anonymous_4)
FNDA:0,(anonymous_5)
DA:2,1
DA:14,0
DA:15,0
DA:17,0
DA:18,0
DA:19,0
DA:20,0
DA:30,0
DA:31,0
DA:42,0
DA:43,0
DA:44,0
DA:55,0
DA:56,0
DA:57,0
DA:68,0
DA:69,0
DA:81,0
DA:82,0
DA:83,0
DA:84,0
LF:21
LH:1
BRDA:15,0,0,0
BRDA:15,0,1,0
BRDA:42,1,0,0
BRDA:42,1,1,0
BRDA:43,2,0,0
BRDA:43,2,1,0
BRDA:57,3,0,0
BRDA:57,3,1,0
BRDA:82,4,0,0
BRDA:82,4,1,0
BRDA:83,5,0,0
BRDA:83,5,1,0
BRF:12
BRH:0
end_of_record
TN:
SF:src/.internal/MapCache.js
FN:12,getMapData
FN:26,isKeyable
FN:42,(anonymous_2)
FN:58,(anonymous_3)
FN:74,(anonymous_4)
FN:87,(anonymous_5)
FN:98,(anonymous_6)
FN:110,(anonymous_7)
FNF:8
FNH:0
FNDA:0,getMapData
FNDA:0,isKeyable
FNDA:0,(anonymous_2)
FNDA:0,(anonymous_3)
FNDA:0,(anonymous_4)
FNDA:0,(anonymous_5)
FNDA:0,(anonymous_6)
FNDA:0,(anonymous_7)
DA:13,0
DA:14,0
DA:27,0
DA:28,0
DA:43,0
DA:44,0
DA:46,0
DA:47,0
DA:48,0
DA:49,0
DA:59,0
DA:60,0
DA:75,0
DA:76,0
DA:77,0
DA:88,0
DA:99,0
DA:111,0
DA:112,0
DA:114,0
DA:115,0
DA:116,0
LF:22
LH:0
BRDA:14,0,0,0
BRDA:14,0,1,0
BRDA:15,1,0,0
BRDA:15,1,1,0
BRDA:28,2,0,0
BRDA:28,2,1,0
BRDA:28,3,0,0
BRDA:28,3,1,0
BRDA:28,3,2,0
BRDA:28,3,3,0
BRDA:44,4,0,0
BRDA:44,4,1,0
BRDA:76,5,0,0
BRDA:76,5,1,0
BRDA:115,6,0,0
BRDA:115,6,1,0
BRF:16
BRH:0
end_of_record
TN:
SF:src/.internal/SetCache.js
FN:15,(anonymous_0)
FN:33,(anonymous_1)
FN:45,(anonymous_2)
FNF:3
FNH:0
FNDA:0,(anonymous_0)
FNDA:0,(anonymous_1)
FNDA:0,(anonymous_2)
DA:4,1
DA:16,0
DA:17,0
DA:19,0
DA:20,0
DA:21,0
DA:34,0
DA:35,0
DA:46,0
DA:50,1
LF:10
LH:2
BRDA:17,0,0,0
BRDA:17,0,1,0
BRF:2
BRH:0
end_of_record
TN:
SF:src/.internal/arrayIncludes.js
FN:12,arrayIncludes
FNF:1
FNH:0
FNDA:0,arrayIncludes
DA:13,0
DA:14,0
LF:2
LH:0
BRDA:13,0,0,0
BRDA:13,0,1,0
BRDA:14,1,0,0
BRDA:14,1,1,0
BRF:4
BRH:0
end_of_record
TN:
SF:src/.internal/arrayIncludesWith.js
FN:10,arrayIncludesWith
FNF:1
FNH:0
FNDA:0,arrayIncludesWith
DA:11,0
DA:12,0
DA:15,0
DA:16,0
DA:17,0
DA:20,0
LF:6
LH:0
BRDA:11,0,0,0
BRDA:11,0,1,0
BRDA:16,1,0,0
BRDA:16,1,1,0
BRF:4
BRH:0
end_of_record
TN:
SF:src/.internal/arrayLikeKeys.js
FN:17,arrayLikeKeys
FNF:1
FNH:1
FNDA:1,arrayLikeKeys
DA:7,3
DA:18,1
DA:19,1
DA:20,1
DA:21,1
DA:22,1
DA:23,1
DA:24,1
DA:25,1
DA:26,1
DA:27,0
DA:29,1
DA:30,2
DA:37,2
DA:40,1
LF:15
LH:14
BRDA:19,0,0,1
BRDA:19,0,1,1
BRDA:20,1,0,1
BRDA:20,1,1,1
BRDA:20,1,2,1
BRDA:21,2,0,1
BRDA:21,2,1,1
BRDA:21,2,2,1
BRDA:21,2,3,1
BRDA:22,3,0,1
BRDA:22,3,1,1
BRDA:22,3,2,1
BRDA:22,3,3,1
BRDA:24,4,0,0
BRDA:24,4,1,1
BRDA:25,5,0,0
BRDA:25,5,1,1
BRDA:30,6,0,2
BRDA:30,6,1,0
BRDA:30,7,0,2
BRDA:30,7,1,2
BRDA:30,7,2,2
BRDA:31,8,0,2
BRDA:31,8,1,0
BRDA:31,8,2,0
BRF:25
BRH:20
end_of_record
TN:
SF:src/.internal/arrayReduce.js
FN:12,arrayReduce
FNF:1
FNH:1
FNDA:8,arrayReduce
DA:13,8
DA:14,8
DA:16,8
DA:17,0
DA:19,8
DA:20,18
DA:22,8
LF:7
LH:6
BRDA:14,0,0,0
BRDA:14,0,1,8
BRDA:16,1,0,0
BRDA:16,1,1,8
BRDA:16,2,0,8
BRDA:16,2,1,0
BRF:6
BRH:3
end_of_record
TN:
SF:src/.internal/asciiToArray.js
FN:8,asciiToArray
FNF:1
FNH:0
FNDA:0,asciiToArray
DA:9,0
LF:1
LH:0
BRF:0
BRH:0
end_of_record
TN:
SF:src/.internal/baseAssignValue.js
FN:10,baseAssignValue
FNF:1
FNH:1
FNDA:8,baseAssignValue
DA:11,8
DA:12,0
DA:19,8
LF:3
LH:2
BRDA:11,0,0,0
BRDA:11,0,1,8
BRF:2
BRH:1
end_of_record
TN:
SF:src/.internal/baseAt.js
FN:11,baseAt
FNF:1
FNH:1
FNDA:3,baseAt
DA:12,3
DA:13,3
DA:14,3
DA:15,3
DA:17,3
DA:18,5
DA:20,3
LF:7
LH:7
BRDA:18,0,0,0
BRDA:18,0,1,5
BRF:2
BRH:1
end_of_record
TN:
SF:src/.internal/baseDifference.js
FN:21,baseDifference
FN:31,(anonymous_1)
FNF:2
FNH:1
FNDA:9,baseDifference
FNDA:0,(anonymous_1)
DA:8,1
DA:22,9
DA:23,9
DA:24,9
DA:25,9
DA:27,9
DA:28,0
DA:30,9
DA:31,0
DA:33,9
DA:34,0
DA:35,0
DA:37,9
DA:38,0
DA:39,0
DA:40,0
DA:42,9
DA:43,9
DA:44,16
DA:46,16
DA:47,16
DA:48,16
DA:49,16
DA:50,28
DA:51,11
DA:54,5
DA:56,0
DA:57,0
DA:60,9
LF:29
LH:20
BRDA:27,0,0,0
BRDA:27,0,1,9
BRDA:30,1,0,0
BRDA:30,1,1,9
BRDA:33,2,0,0
BRDA:33,2,1,9
BRDA:37,3,0,0
BRDA:37,3,1,9
BRDA:44,4,0,16
BRDA:44,4,1,0
BRDA:46,5,0,13
BRDA:46,5,1,3
BRDA:46,6,0,16
BRDA:46,6,1,16
BRDA:47,7,0,16
BRDA:47,7,1,0
BRDA:47,8,0,16
BRDA:47,8,1,16
BRDA:50,9,0,11
BRDA:50,9,1,17
BRDA:56,10,0,0
BRDA:56,10,1,0
BRF:22
BRH:14
end_of_record
TN:
SF:src/.internal/baseEach.js
FN:12,baseEach
FNF:1
FNH:1
FNDA:2,baseEach
DA:13,2
DA:14,0
DA:16,2
DA:17,2
DA:19,0
DA:20,0
DA:21,0
DA:23,0
DA:24,0
DA:25,0
DA:28,0
LF:11
LH:3
BRDA:13,0,0,0
BRDA:13,0,1,2
BRDA:16,1,0,2
BRDA:16,1,1,0
BRDA:24,2,0,0
BRDA:24,2,1,0
BRF:6
BRH:2
end_of_record
TN:
SF:src/.internal/baseFindIndex.js
FN:11,baseFindIndex
FNF:1
FNH:0
FNDA:0,baseFindIndex
DA:12,0
DA:13,0
DA:15,0
DA:16,0
DA:17,0
DA:20,0
LF:6
LH:0
BRDA:13,0,0,0
BRDA:13,0,1,0
BRDA:15,1,0,0
BRDA:15,1,1,0
BRDA:16,2,0,0
BRDA:16,2,1,0
BRF:6
BRH:0
end_of_record
TN:
SF:src/.internal/baseFlatten.js
FN:14,baseFlatten
FNF:1
FNH:1
FNDA:12,baseFlatten
DA:15,12
DA:16,12
DA:18,12
DA:19,0
DA:22,12
DA:23,12
DA:24,12
DA:26,0
DA:28,12
DA:30,0
DA:31,0
DA:34,12
LF:12
LH:8
BRDA:15,0,0,12
BRDA:15,0,1,3
BRDA:16,1,0,12
BRDA:16,1,1,12
BRDA:18,2,0,0
BRDA:18,2,1,12
BRDA:23,3,0,12
BRDA:23,3,1,0
BRDA:23,4,0,12
BRDA:23,4,1,12
BRDA:24,5,0,0
BRDA:24,5,1,12
BRDA:30,6,0,0
BRDA:30,6,1,0
BRF:14
BRH:9
end_of_record
TN:
SF:src/.internal/baseFor.js
FN:12,baseFor
FNF:1
FNH:1
FNDA:2,baseFor
DA:13,2
DA:14,2
DA:15,2
DA:16,2
DA:18,2
DA:19,6
DA:20,6
DA:21,0
DA:24,2
LF:9
LH:8
BRDA:20,0,0,0
BRDA:20,0,1,6
BRF:2
BRH:1
end_of_record
TN:
SF:src/.internal/baseForOwn.js
FN:12,baseForOwn
FNF:1
FNH:1
FNDA:2,baseForOwn
DA:13,2
LF:1
LH:1
BRDA:13,0,0,2
BRDA:13,0,1,2
BRF:2
BRH:2
end_of_record
TN:
SF:src/.internal/baseGet.js
FN:12,baseGet
FNF:1
FNH:1
FNDA:9,baseGet
DA:13,9
DA:15,9
DA:16,9
DA:18,9
DA:19,26
DA:21,9
LF:6
LH:6
BRDA:18,0,0,35
BRDA:18,0,1,30
BRDA:21,1,0,7
BRDA:21,1,1,2
BRDA:21,2,0,9
BRDA:21,2,1,9
BRF:6
BRH:6
end_of_record
TN:
SF:src/.internal/baseIndexOf.js
FN:14,baseIndexOf
FNF:1
FNH:0
FNDA:0,baseIndexOf
DA:15,0
LF:1
LH:0
BRDA:15,0,0,0
BRDA:15,0,1,0
BRF:2
BRH:0
end_of_record
TN:
SF:src/.internal/baseIsNaN.js
FN:8,baseIsNaN
FNF:1
FNH:0
FNDA:0,baseIsNaN
DA:9,0
LF:1
LH:0
BRF:0
BRH:0
end_of_record
TN:
SF:src/.internal/baseReduce.js
FN:14,baseReduce
FN:15,(anonymous_1)
FNF:2
FNH:2
FNDA:2,baseReduce
FNDA:6,(anonymous_1)
DA:15,2
DA:16,6
DA:20,2
LF:3
LH:3
BRDA:16,0,0,0
BRDA:16,0,1,6
BRF:2
BRH:1
end_of_record
TN:
SF:src/.internal/baseToNumber.js
FN:14,baseToNumber
FNF:1
FNH:1
FNDA:20,baseToNumber
DA:4,2
DA:15,20
DA:16,20
DA:18,0
DA:19,0
DA:21,0
LF:6
LH:3
BRDA:15,0,0,20
BRDA:15,0,1,0
BRDA:18,1,0,0
BRDA:18,1,1,0
BRF:4
BRH:1
end_of_record
TN:
SF:src/.internal/baseToString.js
FN:17,baseToString
FNF:1
FNH:0
FNDA:0,baseToString
DA:4,2
DA:7,2
DA:19,0
DA:20,0
DA:22,0
DA:24,0
DA:26,0
DA:27,0
DA:29,0
DA:30,0
LF:10
LH:2
BRDA:19,0,0,0
BRDA:19,0,1,0
BRDA:22,1,0,0
BRDA:22,1,1,0
BRDA:26,2,0,0
BRDA:26,2,1,0
BRDA:27,3,0,0
BRDA:27,3,1,0
BRDA:30,4,0,0
BRDA:30,4,1,0
BRDA:30,5,0,0
BRDA:30,5,1,0
BRF:12
BRH:0
end_of_record
TN:
SF:src/.internal/cacheHas.js
FN:9,cacheHas
FNF:1
FNH:0
FNDA:0,cacheHas
DA:10,0
LF:1
LH:0
BRF:0
BRH:0
end_of_record
TN:
SF:src/.internal/castPath.js
FN:12,castPath
FNF:1
FNH:1
FNDA:9,castPath
DA:13,9
DA:14,1
DA:16,8
LF:3
LH:3
BRDA:13,0,0,1
BRDA:13,0,1,8
BRDA:16,1,0,1
BRDA:16,1,1,7
BRF:4
BRH:4
end_of_record
TN:
SF:src/.internal/castSlice.js
FN:12,castSlice
FNF:1
FNH:0
FNDA:0,castSlice
DA:13,0
DA:14,0
DA:15,0
LF:3
LH:0
BRDA:14,0,0,0
BRDA:14,0,1,0
BRDA:15,1,0,0
BRDA:15,1,1,0
BRDA:15,2,0,0
BRDA:15,2,1,0
BRF:6
BRH:0
end_of_record
TN:
SF:src/.internal/createCaseFirst.js
FN:12,createCaseFirst
FN:13,(anonymous_1)
FNF:2
FNH:2
FNDA:3,createCaseFirst
FNDA:10,(anonymous_1)
DA:13,3
DA:14,10
DA:15,0
DA:18,10
DA:22,10
DA:26,10
DA:30,10
LF:7
LH:6
BRDA:14,0,0,0
BRDA:14,0,1,10
BRDA:18,1,0,0
BRDA:18,1,1,10
BRDA:22,2,0,0
BRDA:22,2,1,10
BRDA:26,3,0,0
BRDA:26,3,1,10
BRF:8
BRH:4
end_of_record
TN:
SF:src/.internal/createMathOperation.js
FN:12,createMathOperation
FN:13,(anonymous_1)
FNF:2
FNH:2
FNDA:2,createMathOperation
FNDA:10,(anonymous_1)
DA:13,2
DA:14,10
DA:15,0
DA:17,10
DA:18,0
DA:20,10
DA:21,0
DA:23,10
DA:24,0
DA:25,0
DA:28,10
DA:29,10
DA:31,10
LF:13
LH:8
BRDA:14,0,0,0
BRDA:14,0,1,10
BRDA:14,1,0,10
BRDA:14,1,1,0
BRDA:17,2,0,0
BRDA:17,2,1,10
BRDA:17,3,0,10
BRDA:17,3,1,10
BRDA:20,4,0,0
BRDA:20,4,1,10
BRDA:20,5,0,10
BRDA:20,5,1,10
BRDA:23,6,0,0
BRDA:23,6,1,10
BRDA:23,7,0,10
BRDA:23,7,1,10
BRF:16
BRH:11
end_of_record
TN:
SF:src/.internal/createRound.js
FN:8,createRound
FN:10,(anonymous_1)
FNF:2
FNH:2
FNDA:1,createRound
FNDA:5,(anonymous_1)
DA:9,1
DA:10,1
DA:11,5
DA:12,5
DA:15,4
DA:16,4
DA:18,4
DA:19,4
DA:21,1
LF:9
LH:9
BRDA:11,0,0,1
BRDA:11,0,1,4
BRDA:11,1,0,2
BRDA:11,1,1,2
BRDA:12,2,0,4
BRDA:12,2,1,1
BRF:6
BRH:6
end_of_record
TN:
SF:src/.internal/freeGlobal.js
FNF:0
FNH:0
DA:2,7
LF:1
LH:1
BRDA:2,0,0,7
BRDA:2,0,1,7
BRDA:2,0,2,7
BRDA:2,0,3,7
BRF:4
BRH:4
end_of_record
TN:
SF:src/.internal/getTag.js
FN:10,getTag
FNF:1
FNH:1
FNDA:12,getTag
DA:1,22
DA:11,12
DA:12,0
DA:14,12
LF:4
LH:3
BRDA:11,0,0,0
BRDA:11,0,1,12
BRDA:12,1,0,0
BRDA:12,1,1,0
BRF:4
BRH:1
end_of_record
TN:
SF:src/.internal/hasUnicode.js
FN:24,hasUnicode
FNF:1
FNH:1
FNDA:10,hasUnicode
DA:2,3
DA:3,3
DA:4,3
DA:5,3
DA:6,3
DA:7,3
DA:8,3
DA:9,3
DA:12,3
DA:15,3
DA:25,10
LF:11
LH:11
BRF:0
BRH:0
end_of_record
TN:
SF:src/.internal/isFlattenable.js
FN:13,isFlattenable
FNF:1
FNH:1
FNDA:3,isFlattenable
DA:4,2
DA:14,3
LF:2
LH:2
BRDA:14,0,0,3
BRDA:14,0,1,0
BRDA:14,0,2,0
BRDA:15,1,0,0
BRDA:15,1,1,0
BRF:5
BRH:1
end_of_record
TN:
SF:src/.internal/isIndex.js
FN:15,isIndex
FNF:1
FNH:0
FNDA:0,isIndex
DA:2,3
DA:5,3
DA:16,0
DA:17,0
DA:19,0
LF:5
LH:2
BRDA:17,0,0,0
BRDA:17,0,1,0
BRDA:19,1,0,0
BRDA:19,1,1,0
BRDA:19,1,2,0
BRDA:19,1,3,0
BRDA:19,1,4,0
BRDA:19,1,5,0
BRDA:19,1,6,0
BRF:9
BRH:0
end_of_record
TN:
SF:src/.internal/isKey.js
FN:15,isKey
FNF:1
FNH:1
FNDA:8,isKey
DA:4,2
DA:5,2
DA:16,8
DA:17,0
DA:19,8
DA:20,8
DA:21,1
DA:23,7
LF:8
LH:7
BRDA:16,0,0,0
BRDA:16,0,1,8
BRDA:20,1,0,1
BRDA:20,1,1,7
BRDA:20,2,0,8
BRDA:20,2,1,7
BRDA:20,2,2,7
BRDA:20,2,3,7
BRDA:23,3,0,7
BRDA:23,3,1,7
BRDA:23,3,2,7
BRDA:23,3,3,7
BRF:12
BRH:11
end_of_record
TN:
SF:src/.internal/isPrototype.js
FN:11,isPrototype
FNF:1
FNH:1
FNDA:4,isPrototype
DA:2,1
DA:12,4
DA:13,4
DA:15,4
LF:4
LH:4
BRDA:12,0,0,4
BRDA:12,0,1,4
BRDA:13,1,0,4
BRDA:13,1,1,4
BRDA:13,1,2,0
BRF:5
BRH:4
end_of_record
TN:
SF:src/.internal/memoizeCapped.js
FN:14,memoizeCapped
FN:15,(anonymous_1)
FNF:2
FNH:2
FNDA:2,memoizeCapped
FNDA:7,(anonymous_1)
DA:4,2
DA:15,2
DA:16,7
DA:17,7
DA:18,0
DA:20,7
DA:23,2
LF:7
LH:6
BRDA:17,0,0,0
BRDA:17,0,1,7
BRF:2
BRH:1
end_of_record
TN:
SF:src/.internal/nodeTypes.js
FN:16,(anonymous_0)
FNF:1
FNH:1
FNDA:6,(anonymous_0)
DA:4,6
DA:7,6
DA:10,6
DA:13,6
DA:16,6
DA:17,6
DA:20,6
DA:21,6
LF:8
LH:8
BRDA:4,0,0,6
BRDA:4,0,1,6
BRDA:4,0,2,6
BRDA:4,0,3,6
BRDA:7,1,0,6
BRDA:7,1,1,6
BRDA:7,1,2,6
BRDA:7,1,3,6
BRDA:7,1,4,6
BRDA:10,2,0,6
BRDA:10,2,1,6
BRDA:13,3,0,6
BRDA:13,3,1,6
BRDA:20,4,0,6
BRDA:20,4,1,6
BRDA:20,4,2,6
BRDA:21,5,0,6
BRDA:21,5,1,0
BRDA:24,6,0,0
BRDA:24,6,1,0
BRDA:24,6,2,0
BRF:21
BRH:17
end_of_record
TN:
SF:src/.internal/root.js
FNF:0
FNH:0
DA:5,5
DA:8,5
DA:11,5
LF:3
LH:3
BRDA:5,0,0,5
BRDA:5,0,1,5
BRDA:5,0,2,5
BRDA:5,0,3,5
BRDA:8,1,0,5
BRDA:8,1,1,5
BRDA:8,1,2,5
BRDA:8,1,3,5
BRDA:11,2,0,5
BRDA:11,2,1,0
BRDA:11,2,2,0
BRDA:11,2,3,0
BRF:12
BRH:9
end_of_record
TN:
SF:src/.internal/strictIndexOf.js
FN:11,strictIndexOf
FNF:1
FNH:0
FNDA:0,strictIndexOf
DA:12,0
DA:13,0
DA:15,0
DA:16,0
DA:17,0
DA:20,0
LF:6
LH:0
BRDA:16,0,0,0
BRDA:16,0,1,0
BRF:2
BRH:0
end_of_record
TN:
SF:src/.internal/stringToArray.js
FN:12,stringToArray
FNF:1
FNH:0
FNDA:0,stringToArray
DA:13,0
LF:1
LH:0
BRDA:13,0,0,0
BRDA:13,0,1,0
BRF:2
BRH:0
end_of_record
TN:
SF:src/.internal/stringToPath.js
FN:26,(anonymous_0)
FN:31,(anonymous_1)
FNF:2
FNH:2
FNDA:6,(anonymous_0)
FNDA:20,(anonymous_1)
DA:3,2
DA:4,2
DA:5,2
DA:26,2
DA:27,6
DA:28,6
DA:29,0
DA:31,6
DA:32,20
DA:33,20
DA:34,0
DA:36,20
DA:37,5
DA:39,20
DA:41,6
LF:15
LH:13
BRDA:28,0,0,0
BRDA:28,0,1,6
BRDA:33,1,0,0
BRDA:33,1,1,20
BRDA:36,2,0,5
BRDA:36,2,1,15
BRF:6
BRH:4
end_of_record
TN:
SF:src/.internal/toKey.js
FN:13,toKey
FNF:1
FNH:1
FNDA:26,toKey
DA:4,2
DA:14,26
DA:15,25
DA:17,1
DA:18,1
LF:5
LH:5
BRDA:14,0,0,25
BRDA:14,0,1,1
BRDA:14,1,0,26
BRDA:14,1,1,1
BRDA:18,2,0,0
BRDA:18,2,1,1
BRDA:18,3,0,1
BRDA:18,3,1,0
BRF:8
BRH:6
end_of_record
TN:
SF:src/.internal/unicodeToArray.js
FN:39,unicodeToArray
FNF:1
FNH:0
FNDA:0,unicodeToArray
DA:2,3
DA:3,3
DA:4,3
DA:5,3
DA:6,3
DA:7,3
DA:8,3
DA:9,3
DA:12,3
DA:13,3
DA:14,3
DA:15,3
DA:16,3
DA:17,3
DA:18,3
DA:19,3
DA:22,3
DA:23,3
DA:24,3
DA:25,3
DA:26,3
DA:27,3
DA:30,3
DA:40,0
LF:24
LH:23
BRDA:40,0,0,0
BRDA:40,0,1,0
BRF:2
BRH:0
end_of_record
TN:
SF:src/.internal/unicodeWords.js
FN:66,unicodeWords
FNF:1
FNH:1
FNDA:3,unicodeWords
DA:2,2
DA:3,2
DA:4,2
DA:5,2
DA:6,2
DA:7,2
DA:8,2
DA:9,2
DA:10,2
DA:11,2
DA:12,2
DA:13,2
DA:14,2
DA:15,2
DA:16,2
DA:17,2
DA:20,2
DA:21,2
DA:22,2
DA:23,2
DA:24,2
DA:25,2
DA:26,2
DA:27,2
DA:28,2
DA:29,2
DA:30,2
DA:31,2
DA:32,2
DA:33,2
DA:36,2
DA:37,2
DA:38,2
DA:39,2
DA:40,2
DA:41,2
DA:42,2
DA:43,2
DA:44,2
DA:45,2
DA:46,2
DA:48,2
DA:67,3
LF:43
LH:43
BRF:0
BRH:0
end_of_record
